AnApp/app/manifest-merger-release-report.txt
-- Merging decision tree log ---
manifest
ADDED from AndroidManifest.xml:2:1
	package
		ADDED from AndroidManifest.xml:3:5
		INJECTED from AndroidManifest.xml:0:0
		INJECTED from AndroidManifest.xml:0:0
	android:versionName
		INJECTED from AndroidManifest.xml:0:0
		INJECTED from AndroidManifest.xml:0:0
	xmlns:android
		ADDED from AndroidManifest.xml:2:11
	android:versionCode
		INJECTED from AndroidManifest.xml:0:0
		INJECTED from AndroidManifest.xml:0:0
uses-permission#android.permission.GET_ACCOUNTS
ADDED from AndroidManifest.xml:6:5
	android:name
		ADDED from AndroidManifest.xml:6:22
uses-permission#android.permission.READ_PROFILE
ADDED from AndroidManifest.xml:7:5
	android:name
		ADDED from AndroidManifest.xml:7:22
uses-permission#android.permission.READ_CONTACTS
ADDED from AndroidManifest.xml:8:5
	android:name
		ADDED from AndroidManifest.xml:8:22
uses-permission#android.permission.SEND_SMS
ADDED from AndroidManifest.xml:9:5
	android:name
		ADDED from AndroidManifest.xml:9:22
uses-permission#android.permission.RECEIVE_SMS
ADDED from AndroidManifest.xml:10:5
	android:name
		ADDED from AndroidManifest.xml:10:22
uses-permission#android.permission.READ_PHONE_STATE
ADDED from AndroidManifest.xml:11:5
	android:name
		ADDED from AndroidManifest.xml:11:22
uses-permission#android.permission.RECEIVE_BOOT_COMPLETED
ADDED from AndroidManifest.xml:12:5
	android:name
		ADDED from AndroidManifest.xml:12:22
uses-permission#android.permission.CHANGE_CONFIGURATION
ADDED from AndroidManifest.xml:13:5
	android:name
		ADDED from AndroidManifest.xml:13:22
uses-permission#android.permission.WRITE_SETTINGS
ADDED from AndroidManifest.xml:14:5
	android:name
		ADDED from AndroidManifest.xml:14:22
uses-permission#android.permission.CALL_PHONE
ADDED from AndroidManifest.xml:15:5
	android:name
		ADDED from AndroidManifest.xml:15:22
uses-permission#android.permission.INTERNET
ADDED from AndroidManifest.xml:17:5
MERGED from com.daimajia.slider:library:1.1.5:11:5
	android:name
		ADDED from AndroidManifest.xml:17:22
uses-permission#android.permission.ACCESS_NETWORK_STATE
ADDED from AndroidManifest.xml:18:5
	android:name
		ADDED from AndroidManifest.xml:18:22
uses-permission#android.permission.CHANGE_WIFI_STATE
ADDED from AndroidManifest.xml:19:5
	android:name
		ADDED from AndroidManifest.xml:19:22
uses-permission#android.permission.ACCESS_WIFI_STATE
ADDED from AndroidManifest.xml:20:5
	android:name
		ADDED from AndroidManifest.xml:20:22
uses-permission#android.permission.ACCESS_COARSE_LOCATION
ADDED from AndroidManifest.xml:22:5
	android:name
		ADDED from AndroidManifest.xml:22:22
uses-permission#android.permission.ACCESS_FINE_LOCATION
ADDED from AndroidManifest.xml:23:5
	android:name
		ADDED from AndroidManifest.xml:23:22
uses-permission#android.permission.CAMERA
ADDED from AndroidManifest.xml:25:5
	android:name
		ADDED from AndroidManifest.xml:25:22
uses-feature#android.hardware.camera
ADDED from AndroidManifest.xml:26:5
	android:required
		ADDED from AndroidManifest.xml:28:9
	android:name
		ADDED from AndroidManifest.xml:27:9
uses-permission#android.permission.WRITE_EXTERNAL_STORAGE
ADDED from AndroidManifest.xml:30:5
MERGED from com.daimajia.slider:library:1.1.5:12:5
	android:name
		ADDED from AndroidManifest.xml:30:22
uses-permission#android.permission.WAKE_LOCK
ADDED from AndroidManifest.xml:31:5
	android:name
		ADDED from AndroidManifest.xml:31:22
uses-permission#android.permission.VIBRATE
ADDED from AndroidManifest.xml:32:5
	android:name
		ADDED from AndroidManifest.xml:32:22
uses-permission#android.permission.RECORD_AUDIO
ADDED from AndroidManifest.xml:33:5
	android:name
		ADDED from AndroidManifest.xml:33:22
uses-permission#getui.permission.GetuiService
ADDED from AndroidManifest.xml:35:5
	android:name
		ADDED from AndroidManifest.xml:35:22
uses-permission#android.permission.GET_TASKS
ADDED from AndroidManifest.xml:36:5
	android:name
		ADDED from AndroidManifest.xml:36:22
permission#getui.permission.GetuiService
ADDED from AndroidManifest.xml:39:5
	android:protectionLevel
		ADDED from AndroidManifest.xml:41:9
	android:name
		ADDED from AndroidManifest.xml:40:9
application
ADDED from AndroidManifest.xml:44:5
MERGED from com.android.support:appcompat-v7:22.1.1:22:5
MERGED from com.android.support:support-v4:22.1.1:22:5
MERGED from com.android.support:support-v4:22.1.1:22:5
MERGED from uk.co.chrisjenx:calligraphy:2.1.0:11:5
MERGED from com.android.support:appcompat-v7:22.1.1:22:5
MERGED from com.android.support:support-v4:22.1.1:22:5
MERGED from com.sothree.slidinguppanel:library:3.0.0:9:5
MERGED from com.android.support:support-v4:22.1.1:22:5
	android:label
		ADDED from AndroidManifest.xml:49:9
	android:allowBackup
		ADDED from AndroidManifest.xml:47:9
	android:icon
		ADDED from AndroidManifest.xml:48:9
	android:largeHeap
		ADDED from AndroidManifest.xml:46:9
	android:theme
		ADDED from AndroidManifest.xml:50:9
	android:name
		ADDED from AndroidManifest.xml:45:9
meta-data#com.amap.api.v2.apikey
ADDED from AndroidManifest.xml:52:9
	android:value
		ADDED from AndroidManifest.xml:54:13
	android:name
		ADDED from AndroidManifest.xml:53:13
activity#anapp.truck.com.anapp.activities.SplashActivity
ADDED from AndroidManifest.xml:59:9
	android:screenOrientation
		ADDED from AndroidManifest.xml:62:13
	android:label
		ADDED from AndroidManifest.xml:61:13
	android:windowSoftInputMode
		ADDED from AndroidManifest.xml:63:13
	android:name
		ADDED from AndroidManifest.xml:60:13
intent-filter#android.intent.action.MAIN+android.intent.category.LAUNCHER
ADDED from AndroidManifest.xml:64:13
action#android.intent.action.MAIN
ADDED from AndroidManifest.xml:65:17
	android:name
		ADDED from AndroidManifest.xml:65:25
category#android.intent.category.LAUNCHER
ADDED from AndroidManifest.xml:67:17
	android:name
		ADDED from AndroidManifest.xml:67:27
activity#anapp.truck.com.anapp.activities.LoginActivity
ADDED from AndroidManifest.xml:70:9
	android:screenOrientation
		ADDED from AndroidManifest.xml:71:13
	android:label
		ADDED from AndroidManifest.xml:72:13
	android:windowSoftInputMode
		ADDED from AndroidManifest.xml:73:13
	android:name
		ADDED from AndroidManifest.xml:70:19
activity#anapp.truck.com.anapp.activities.WelcomeActivity
ADDED from AndroidManifest.xml:74:9
	android:screenOrientation
		ADDED from AndroidManifest.xml:76:13
	android:label
		ADDED from AndroidManifest.xml:77:13
	android:windowSoftInputMode
		ADDED from AndroidManifest.xml:78:13
	android:name
		ADDED from AndroidManifest.xml:75:13
activity#anapp.truck.com.anapp.activities.MainPageActivity
ADDED from AndroidManifest.xml:80:9
	android:screenOrientation
		ADDED from AndroidManifest.xml:82:13
	android:label
		ADDED from AndroidManifest.xml:83:13
	android:windowSoftInputMode
		ADDED from AndroidManifest.xml:84:13
	android:name
		ADDED from AndroidManifest.xml:81:13
activity#anapp.truck.com.anapp.activities.DrivingModeActivity
ADDED from AndroidManifest.xml:86:9
	android:screenOrientation
		ADDED from AndroidManifest.xml:89:13
	android:label
		ADDED from AndroidManifest.xml:88:13
	android:windowSoftInputMode
		ADDED from AndroidManifest.xml:90:13
	android:name
		ADDED from AndroidManifest.xml:87:13
activity#anapp.truck.com.anapp.activities.PhoneConfigActivity
ADDED from AndroidManifest.xml:92:9
	android:screenOrientation
		ADDED from AndroidManifest.xml:94:13
	android:label
		ADDED from AndroidManifest.xml:95:13
	android:windowSoftInputMode
		ADDED from AndroidManifest.xml:96:13
	android:name
		ADDED from AndroidManifest.xml:93:13
activity#anapp.truck.com.anapp.activities.ProfilePicActivity
ADDED from AndroidManifest.xml:98:9
	android:screenOrientation
		ADDED from AndroidManifest.xml:100:13
	android:label
		ADDED from AndroidManifest.xml:101:13
	android:windowSoftInputMode
		ADDED from AndroidManifest.xml:102:13
	android:name
		ADDED from AndroidManifest.xml:99:13
activity#anapp.truck.com.anapp.activities.ChatMainActivity
ADDED from AndroidManifest.xml:114:9
	android:screenOrientation
		ADDED from AndroidManifest.xml:116:13
	android:label
		ADDED from AndroidManifest.xml:117:13
	android:windowSoftInputMode
		ADDED from AndroidManifest.xml:119:13
	android:icon
		ADDED from AndroidManifest.xml:118:13
	android:name
		ADDED from AndroidManifest.xml:115:13
activity#anapp.truck.com.anapp.activities.ChatUserProfileActivity
ADDED from AndroidManifest.xml:121:9
	android:screenOrientation
		ADDED from AndroidManifest.xml:123:13
	android:label
		ADDED from AndroidManifest.xml:124:13
	android:parentActivityName
		ADDED from AndroidManifest.xml:125:13
	android:windowSoftInputMode
		ADDED from AndroidManifest.xml:126:13
	android:name
		ADDED from AndroidManifest.xml:122:13
activity#anapp.truck.com.anapp.activities.ChatDetailActivity
ADDED from AndroidManifest.xml:128:9
	android:screenOrientation
		ADDED from AndroidManifest.xml:130:13
	android:label
		ADDED from AndroidManifest.xml:131:13
	android:parentActivityName
		ADDED from AndroidManifest.xml:132:13
	android:windowSoftInputMode
		ADDED from AndroidManifest.xml:133:13
	android:name
		ADDED from AndroidManifest.xml:129:13
activity#anapp.truck.com.anapp.activities.MyTruckActivity
ADDED from AndroidManifest.xml:137:9
	android:screenOrientation
		ADDED from AndroidManifest.xml:139:13
	android:label
		ADDED from AndroidManifest.xml:140:13
	android:windowSoftInputMode
		ADDED from AndroidManifest.xml:141:13
	android:name
		ADDED from AndroidManifest.xml:138:13
activity#anapp.truck.com.anapp.activities.PurchaseTimeActivity
ADDED from AndroidManifest.xml:143:9
	android:screenOrientation
		ADDED from AndroidManifest.xml:145:13
	android:label
		ADDED from AndroidManifest.xml:146:13
	android:windowSoftInputMode
		ADDED from AndroidManifest.xml:147:13
	android:name
		ADDED from AndroidManifest.xml:144:13
activity#anapp.truck.com.anapp.activities.PrivacyPolicyActivity
ADDED from AndroidManifest.xml:149:9
	android:screenOrientation
		ADDED from AndroidManifest.xml:151:13
	android:label
		ADDED from AndroidManifest.xml:152:13
	android:windowSoftInputMode
		ADDED from AndroidManifest.xml:153:13
	android:name
		ADDED from AndroidManifest.xml:150:13
activity#anapp.truck.com.anapp.activities.ReferActivity
ADDED from AndroidManifest.xml:155:9
	android:screenOrientation
		ADDED from AndroidManifest.xml:157:13
	android:label
		ADDED from AndroidManifest.xml:158:13
	android:windowSoftInputMode
		ADDED from AndroidManifest.xml:159:13
	android:name
		ADDED from AndroidManifest.xml:156:13
activity#anapp.truck.com.anapp.activities.SOSCancelActivity
ADDED from AndroidManifest.xml:161:9
	android:screenOrientation
		ADDED from AndroidManifest.xml:163:13
	android:label
		ADDED from AndroidManifest.xml:164:13
	android:windowSoftInputMode
		ADDED from AndroidManifest.xml:165:13
	android:name
		ADDED from AndroidManifest.xml:162:13
activity#anapp.truck.com.anapp.activities.SOSDetailActivity
ADDED from AndroidManifest.xml:167:9
	android:screenOrientation
		ADDED from AndroidManifest.xml:169:13
	android:label
		ADDED from AndroidManifest.xml:170:13
	android:windowSoftInputMode
		ADDED from AndroidManifest.xml:171:13
	android:name
		ADDED from AndroidManifest.xml:168:13
activity#anapp.truck.com.anapp.activities.GoodTypeActivity
ADDED from AndroidManifest.xml:173:9
	android:screenOrientation
		ADDED from AndroidManifest.xml:175:13
	android:label
		ADDED from AndroidManifest.xml:176:13
	android:windowSoftInputMode
		ADDED from AndroidManifest.xml:177:13
	android:name
		ADDED from AndroidManifest.xml:174:13
activity#anapp.truck.com.anapp.activities.FrequentPlaceActivity
ADDED from AndroidManifest.xml:179:9
	android:screenOrientation
		ADDED from AndroidManifest.xml:181:13
	android:label
		ADDED from AndroidManifest.xml:182:13
	android:windowSoftInputMode
		ADDED from AndroidManifest.xml:183:13
	android:name
		ADDED from AndroidManifest.xml:180:13
activity#anapp.truck.com.anapp.activities.TwoPhotoActivity
ADDED from AndroidManifest.xml:185:9
	android:screenOrientation
		ADDED from AndroidManifest.xml:187:13
	android:label
		ADDED from AndroidManifest.xml:188:13
	android:windowSoftInputMode
		ADDED from AndroidManifest.xml:189:13
	android:name
		ADDED from AndroidManifest.xml:186:13
activity#anapp.truck.com.anapp.activities.InformationUpdaterActivity
ADDED from AndroidManifest.xml:191:9
	android:screenOrientation
		ADDED from AndroidManifest.xml:193:13
	android:label
		ADDED from AndroidManifest.xml:194:13
	android:windowSoftInputMode
		ADDED from AndroidManifest.xml:195:13
	android:name
		ADDED from AndroidManifest.xml:192:13
activity#anapp.truck.com.anapp.activities.PointsDetailActivity
ADDED from AndroidManifest.xml:197:9
	android:screenOrientation
		ADDED from AndroidManifest.xml:199:13
	android:label
		ADDED from AndroidManifest.xml:200:13
	android:windowSoftInputMode
		ADDED from AndroidManifest.xml:201:13
	android:name
		ADDED from AndroidManifest.xml:198:13
activity#anapp.truck.com.anapp.activities.LevelDetailActivity
ADDED from AndroidManifest.xml:203:9
	android:screenOrientation
		ADDED from AndroidManifest.xml:205:13
	android:label
		ADDED from AndroidManifest.xml:206:13
	android:windowSoftInputMode
		ADDED from AndroidManifest.xml:207:13
	android:name
		ADDED from AndroidManifest.xml:204:13
activity#anapp.truck.com.anapp.activities.ForgetPwActivity
ADDED from AndroidManifest.xml:209:9
	android:screenOrientation
		ADDED from AndroidManifest.xml:211:13
	android:label
		ADDED from AndroidManifest.xml:212:13
	android:windowSoftInputMode
		ADDED from AndroidManifest.xml:213:13
	android:name
		ADDED from AndroidManifest.xml:210:13
activity#anapp.truck.com.anapp.activities.PointsExplainationActivity
ADDED from AndroidManifest.xml:215:9
	android:screenOrientation
		ADDED from AndroidManifest.xml:217:13
	android:label
		ADDED from AndroidManifest.xml:218:13
	android:windowSoftInputMode
		ADDED from AndroidManifest.xml:219:13
	android:name
		ADDED from AndroidManifest.xml:216:13
activity#anapp.truck.com.anapp.activities.EventTableActivity
ADDED from AndroidManifest.xml:221:9
	android:screenOrientation
		ADDED from AndroidManifest.xml:223:13
	android:label
		ADDED from AndroidManifest.xml:224:13
	android:windowSoftInputMode
		ADDED from AndroidManifest.xml:225:13
	android:name
		ADDED from AndroidManifest.xml:222:13
activity#anapp.truck.com.anapp.activities.HomeTownActivity
ADDED from AndroidManifest.xml:227:9
	android:screenOrientation
		ADDED from AndroidManifest.xml:229:13
	android:label
		ADDED from AndroidManifest.xml:230:13
	android:windowSoftInputMode
		ADDED from AndroidManifest.xml:231:13
	android:name
		ADDED from AndroidManifest.xml:228:13
activity#anapp.truck.com.anapp.activities.EventTabActivity
ADDED from AndroidManifest.xml:233:9
	android:screenOrientation
		ADDED from AndroidManifest.xml:235:13
	android:label
		ADDED from AndroidManifest.xml:236:13
	android:windowSoftInputMode
		ADDED from AndroidManifest.xml:237:13
	android:name
		ADDED from AndroidManifest.xml:234:13
activity#anapp.truck.com.anapp.activities.SignupActivity
ADDED from AndroidManifest.xml:239:9
	android:screenOrientation
		ADDED from AndroidManifest.xml:241:13
	android:label
		ADDED from AndroidManifest.xml:242:13
	android:windowSoftInputMode
		ADDED from AndroidManifest.xml:243:13
	android:name
		ADDED from AndroidManifest.xml:240:13
activity#anapp.truck.com.anapp.activities.EventDetailActivity
ADDED from AndroidManifest.xml:245:9
	android:screenOrientation
		ADDED from AndroidManifest.xml:247:13
	android:label
		ADDED from AndroidManifest.xml:248:13
	android:windowSoftInputMode
		ADDED from AndroidManifest.xml:249:13
	android:name
		ADDED from AndroidManifest.xml:246:13
activity#anapp.truck.com.anapp.activities.UserProfileActivity
ADDED from AndroidManifest.xml:251:9
	android:screenOrientation
		ADDED from AndroidManifest.xml:253:13
	android:label
		ADDED from AndroidManifest.xml:254:13
	android:windowSoftInputMode
		ADDED from AndroidManifest.xml:255:13
	android:name
		ADDED from AndroidManifest.xml:252:13
activity#anapp.truck.com.anapp.activities.ReportUploadActivity
ADDED from AndroidManifest.xml:257:9
	android:screenOrientation
		ADDED from AndroidManifest.xml:259:13
	android:label
		ADDED from AndroidManifest.xml:260:13
	android:windowSoftInputMode
		ADDED from AndroidManifest.xml:261:13
	android:name
		ADDED from AndroidManifest.xml:258:13
activity#anapp.truck.com.anapp.activities.SearchActivity
ADDED from AndroidManifest.xml:263:9
	android:screenOrientation
		ADDED from AndroidManifest.xml:265:13
	android:label
		ADDED from AndroidManifest.xml:266:13
	android:windowSoftInputMode
		ADDED from AndroidManifest.xml:267:13
	android:name
		ADDED from AndroidManifest.xml:264:13
activity#anapp.truck.com.anapp.activities.SOSActivity
ADDED from AndroidManifest.xml:269:9
	android:screenOrientation
		ADDED from AndroidManifest.xml:271:13
	android:label
		ADDED from AndroidManifest.xml:272:13
	android:windowSoftInputMode
		ADDED from AndroidManifest.xml:273:13
	android:name
		ADDED from AndroidManifest.xml:270:13
activity#anapp.truck.com.anapp.activities.MapViewActivity
ADDED from AndroidManifest.xml:275:9
	android:screenOrientation
		ADDED from AndroidManifest.xml:277:13
	android:label
		ADDED from AndroidManifest.xml:278:13
	android:windowSoftInputMode
		ADDED from AndroidManifest.xml:279:13
	android:name
		ADDED from AndroidManifest.xml:276:13
meta-data#PUSH_APPID
ADDED from AndroidManifest.xml:283:9
	android:value
		ADDED from AndroidManifest.xml:285:13
	android:name
		ADDED from AndroidManifest.xml:284:13
meta-data#PUSH_APPKEY
ADDED from AndroidManifest.xml:286:9
	android:value
		ADDED from AndroidManifest.xml:288:13
	android:name
		ADDED from AndroidManifest.xml:287:13
meta-data#PUSH_APPSECRET
ADDED from AndroidManifest.xml:289:9
	android:value
		ADDED from AndroidManifest.xml:291:13
	android:name
		ADDED from AndroidManifest.xml:290:13
meta-data#PUSH_GROUPID
ADDED from AndroidManifest.xml:292:9
	android:value
		ADDED from AndroidManifest.xml:294:13
	android:name
		ADDED from AndroidManifest.xml:293:13
service#com.igexin.sdk.PushService
ADDED from AndroidManifest.xml:296:9
	android:process
		ADDED from AndroidManifest.xml:300:13
	android:label
		ADDED from AndroidManifest.xml:299:13
	android:exported
		ADDED from AndroidManifest.xml:298:13
	android:name
		ADDED from AndroidManifest.xml:297:13
receiver#com.igexin.sdk.PushReceiver
ADDED from AndroidManifest.xml:303:9
	android:name
		ADDED from AndroidManifest.xml:303:19
intent-filter#android.intent.action.BOOT_COMPLETED+android.intent.action.USER_PRESENT+android.net.conn.CONNECTIVITY_CHANGE+com.igexin.sdk.action.refreshls
ADDED from AndroidManifest.xml:304:13
action#android.intent.action.BOOT_COMPLETED
ADDED from AndroidManifest.xml:305:17
	android:name
		ADDED from AndroidManifest.xml:305:25
action#android.net.conn.CONNECTIVITY_CHANGE
ADDED from AndroidManifest.xml:306:17
	android:name
		ADDED from AndroidManifest.xml:306:25
action#android.intent.action.USER_PRESENT
ADDED from AndroidManifest.xml:307:17
	android:name
		ADDED from AndroidManifest.xml:307:25
action#com.igexin.sdk.action.refreshls
ADDED from AndroidManifest.xml:308:17
	android:name
		ADDED from AndroidManifest.xml:308:25
receiver#com.igexin.sdk.PushManagerReceiver
ADDED from AndroidManifest.xml:311:9
	android:exported
		ADDED from AndroidManifest.xml:313:13
	android:name
		ADDED from AndroidManifest.xml:312:13
intent-filter#com.igexin.sdk.action.pushmanager
ADDED from AndroidManifest.xml:314:13
action#com.igexin.sdk.action.pushmanager
ADDED from AndroidManifest.xml:315:17
	android:name
		ADDED from AndroidManifest.xml:315:25
receiver#anapp.truck.com.anapp.utility.getui.EventReceiver
ADDED from AndroidManifest.xml:318:9
	android:exported
		ADDED from AndroidManifest.xml:320:13
	android:name
		ADDED from AndroidManifest.xml:319:13
intent-filter#com.igexin.sdk.action.1whUcaecNu7Gcbii3yi3R8
ADDED from AndroidManifest.xml:321:13
action#com.igexin.sdk.action.1whUcaecNu7Gcbii3yi3R8
ADDED from AndroidManifest.xml:322:17
	android:name
		ADDED from AndroidManifest.xml:322:25
receiver#anapp.truck.com.anapp.utility.location.GPSAlarmReceiver
ADDED from AndroidManifest.xml:325:9
	android:label
		ADDED from AndroidManifest.xml:327:13
	android:name
		ADDED from AndroidManifest.xml:326:13
intent-filter#AnApp_GPS_ALARM
ADDED from AndroidManifest.xml:328:13
action#AnApp_GPS_ALARM
ADDED from AndroidManifest.xml:329:17
	android:name
		ADDED from AndroidManifest.xml:329:25
service#anapp.truck.com.anapp.utility.location.GPSUploadService
ADDED from AndroidManifest.xml:332:9
	android:process
		ADDED from AndroidManifest.xml:333:13
	android:name
		ADDED from AndroidManifest.xml:332:18
activity#com.igexin.sdk.PushActivity
ADDED from AndroidManifest.xml:335:9
	android:process
		ADDED from AndroidManifest.xml:339:13
	android:excludeFromRecents
		ADDED from AndroidManifest.xml:337:13
	android:exported
		ADDED from AndroidManifest.xml:338:13
	android:theme
		ADDED from AndroidManifest.xml:341:13
	android:taskAffinity
		ADDED from AndroidManifest.xml:340:13
	android:name
		ADDED from AndroidManifest.xml:336:13
activity#com.igexin.getuiext.activity.GetuiExtActivity
ADDED from AndroidManifest.xml:344:9
	android:process
		ADDED from AndroidManifest.xml:349:13
	android:excludeFromRecents
		ADDED from AndroidManifest.xml:347:13
	android:exported
		ADDED from AndroidManifest.xml:348:13
	android:configChanges
		ADDED from AndroidManifest.xml:346:13
	android:theme
		ADDED from AndroidManifest.xml:351:13
	android:taskAffinity
		ADDED from AndroidManifest.xml:350:13
	android:name
		ADDED from AndroidManifest.xml:345:13
receiver#com.igexin.getuiext.service.PayloadReceiver
ADDED from AndroidManifest.xml:353:9
	android:exported
		ADDED from AndroidManifest.xml:355:13
	android:name
		ADDED from AndroidManifest.xml:354:13
intent-filter#com.igexin.sdk.action.1whUcaecNu7Gcbii3yi3R8+com.igexin.sdk.action.7fjUl2Z3LH6xYy7NQK4ni4
ADDED from AndroidManifest.xml:356:13
action#com.igexin.sdk.action.7fjUl2Z3LH6xYy7NQK4ni4
ADDED from AndroidManifest.xml:359:17
	android:name
		ADDED from AndroidManifest.xml:359:25
service#com.igexin.getuiext.service.GetuiExtService
ADDED from AndroidManifest.xml:365:9
	android:process
		ADDED from AndroidManifest.xml:367:13
	android:name
		ADDED from AndroidManifest.xml:366:13
service#com.igexin.download.DownloadService
ADDED from AndroidManifest.xml:369:9
	android:process
		ADDED from AndroidManifest.xml:371:13
	android:name
		ADDED from AndroidManifest.xml:370:13
receiver#com.igexin.download.DownloadReceiver
ADDED from AndroidManifest.xml:373:9
	android:name
		ADDED from AndroidManifest.xml:373:19
intent-filter#android.net.conn.CONNECTIVITY_CHANGE
ADDED from AndroidManifest.xml:374:13
provider#com.igexin.download.DownloadProvider
ADDED from AndroidManifest.xml:379:9
	android:authorities
		ADDED from AndroidManifest.xml:381:13
	android:process
		ADDED from AndroidManifest.xml:382:13
	android:name
		ADDED from AndroidManifest.xml:380:13
uses-sdk
INJECTED from AndroidManifest.xml:0:0 reason: use-sdk injection requested
MERGED from com.android.support:appcompat-v7:22.1.1:20:5
MERGED from com.android.support:support-v4:22.1.1:20:5
MERGED from com.android.support:support-v4:22.1.1:20:5
MERGED from com.daimajia.slider:library:1.1.5:7:5
MERGED from uk.co.chrisjenx:calligraphy:2.1.0:7:5
MERGED from com.android.support:appcompat-v7:22.1.1:20:5
MERGED from com.android.support:support-v4:22.1.1:20:5
MERGED from com.sothree.slidinguppanel:library:3.0.0:7:5
MERGED from com.android.support:support-v4:22.1.1:20:5
	android:targetSdkVersion
		INJECTED from AndroidManifest.xml:0:0
		INJECTED from AndroidManifest.xml:0:0
	android:minSdkVersion
		INJECTED from AndroidManifest.xml:0:0
		INJECTED from AndroidManifest.xml:0:0